<?xml version="1.0" encoding="UTF-8"?>
<!-- Generated by org.testng.reporters.JUnitReportReporter -->
<testsuite hostname="DESKTOP-D5S1K0J" failures="0" tests="1" name="com.solera.forum.NewTest" time="0.966" errors="0" timestamp="2022-12-02T12:10:20 CET" skipped="0">
  <testcase classname="com.solera.forum.NewTest" name="getPostByThreadAndNameAndThreadAndNameExist" time="0.966"/>
  <system-out/>
</testsuite> <!-- com.solera.forum.NewTest -->
